2019-09-23 02:28:20,415 ERROR b.s.t.c.Menu [main] java.lang.IllegalArgumentException: No enum constant by.samtsov.travelagency.beans.enums.Transport.0
2019-09-23 02:34:01,021 ERROR b.s.t.c.Menu [main] java.lang.IllegalArgumentException: No enum constant by.samtsov.travelagency.beans.enums.Transport.0
2019-09-23 02:34:18,303 ERROR b.s.t.c.Menu [main] java.lang.IllegalArgumentException: No enum constant by.samtsov.travelagency.beans.enums.Transport.0
2019-09-23 02:34:33,116 ERROR b.s.t.c.Menu [main] java.lang.IllegalArgumentException: No enum constant by.samtsov.travelagency.beans.enums.Transport.0
2019-09-23 02:35:11,650 ERROR b.s.t.c.Menu [main] java.lang.IllegalArgumentException: No enum constant by.samtsov.travelagency.beans.enums.Transport.0
2019-09-23 02:35:26,241 ERROR b.s.t.c.Menu [main] java.lang.IllegalArgumentException: No enum constant by.samtsov.travelagency.beans.enums.Transport.0
2019-09-23 03:00:05,065 ERROR b.s.t.c.Menu [main] java.lang.IllegalArgumentException: No enum constant by.samtsov.travelagency.beans.enums.Transport.0
2019-09-23 03:00:26,051 ERROR b.s.t.c.Menu [main] java.lang.IllegalArgumentException: No enum constant by.samtsov.travelagency.beans.enums.Transport.0
2019-09-23 03:00:38,343 ERROR b.s.t.c.Menu [main] java.lang.IllegalArgumentException: No enum constant by.samtsov.travelagency.beans.enums.Transport.0
2019-09-23 03:00:55,137 DEBUG b.s.t.s.Parser [main] ------Parsing start------
2019-09-23 03:00:55,140 DEBUG b.s.t.s.Parser [main] parsed values:[﻿cruise, 100, 3, Poland weekend, BUS, AI, Poland, false]
2019-09-23 03:00:55,141 DEBUG b.s.t.s.Parser [main] parsed values:[Sightseeing, 250, 4, Old Paris, BUS, AI, France]
2019-09-23 03:00:55,141 DEBUG b.s.t.s.Parser [main] parsed values:[Relax, 1500, 10, Madrid, PLAIN, BUS, Russia, false]
2019-09-23 03:00:55,141 DEBUG b.s.t.s.Parser [main] parsed values:[Sightseeing, 200, 4, nepal, BUS, AI, Nepal]
2019-09-23 03:00:55,141 DEBUG b.s.t.s.Parser [main] parsed values:[cruise, 200, 4, Poland weekend, BUS, BB, Russia, false]
2019-09-23 03:00:55,141 DEBUG b.s.t.s.Parser [main] parsed values:[cruise, 300, 5, Latvia weekend, BUS, HB, Latvia, true]
2019-09-23 03:00:55,141 DEBUG b.s.t.s.Parser [main] ------Parsing finish------
2019-09-23 03:00:55,148 ERROR b.s.t.c.Menu [main] java.lang.IllegalArgumentException: No enum constant by.samtsov.travelagency.beans.enums.Transport.0
2019-09-23 03:01:33,481 DEBUG b.s.t.s.Parser [main] ------Parsing start------
2019-09-23 03:01:33,485 DEBUG b.s.t.s.Parser [main] parsed values:[﻿cruise, 100, 3, Poland weekend, BUS, AI, Poland, false]
2019-09-23 03:01:33,485 DEBUG b.s.t.s.Parser [main] parsed values:[Sightseeing, 250, 4, Old Paris, BUS, AI, France]
2019-09-23 03:01:33,485 DEBUG b.s.t.s.Parser [main] parsed values:[Relax, 1500, 10, Madrid, PLAIN, BUS, Russia, false]
2019-09-23 03:01:33,485 DEBUG b.s.t.s.Parser [main] parsed values:[Sightseeing, 200, 4, nepal, BUS, AI, Nepal]
2019-09-23 03:01:33,486 DEBUG b.s.t.s.Parser [main] parsed values:[cruise, 200, 4, Poland weekend, BUS, BB, Russia, false]
2019-09-23 03:01:33,486 DEBUG b.s.t.s.Parser [main] parsed values:[cruise, 300, 5, Latvia weekend, BUS, HB, Latvia, true]
2019-09-23 03:01:33,486 DEBUG b.s.t.s.Parser [main] ------Parsing finish------
2019-09-23 03:01:58,749 DEBUG b.s.t.s.Parser [main] ------Parsing start------
2019-09-23 03:01:58,752 DEBUG b.s.t.s.Parser [main] parsed values:[﻿cruise, 100, 3, Poland weekend, BUS, AI, Poland, false]
2019-09-23 03:01:58,753 DEBUG b.s.t.s.Parser [main] parsed values:[Sightseeing, 250, 4, Old Paris, BUS, AI, France]
2019-09-23 03:01:58,753 DEBUG b.s.t.s.Parser [main] parsed values:[Relax, 1500, 10, Madrid, PLAIN, BUS, Russia, false]
2019-09-23 03:01:58,753 DEBUG b.s.t.s.Parser [main] parsed values:[Sightseeing, 200, 4, nepal, BUS, AI, Nepal]
2019-09-23 03:01:58,753 DEBUG b.s.t.s.Parser [main] parsed values:[cruise, 200, 4, Poland weekend, BUS, BB, Russia, false]
2019-09-23 03:01:58,753 DEBUG b.s.t.s.Parser [main] parsed values:[cruise, 300, 5, Latvia weekend, BUS, HB, Latvia, true]
2019-09-23 03:01:58,753 DEBUG b.s.t.s.Parser [main] ------Parsing finish------
2019-09-23 03:09:30,245 DEBUG b.s.t.s.Parser [main] ------Parsing start------
2019-09-23 03:09:30,248 DEBUG b.s.t.s.Parser [main] parsed values:[﻿cruise, 100, 3, Poland weekend, BUS, AI, Poland, false]
2019-09-23 03:09:30,249 DEBUG b.s.t.s.Parser [main] parsed values:[Sightseeing, 250, 4, Old Paris, BUS, AI, France]
2019-09-23 03:09:30,249 DEBUG b.s.t.s.Parser [main] parsed values:[Relax, 1500, 10, Madrid, PLAIN, BUS, Russia, false]
2019-09-23 03:09:30,249 DEBUG b.s.t.s.Parser [main] parsed values:[Sightseeing, 200, 4, nepal, BUS, AI, Nepal]
2019-09-23 03:09:30,249 DEBUG b.s.t.s.Parser [main] parsed values:[cruise, 200, 4, Poland weekend, BUS, BB, Russia, false]
2019-09-23 03:09:30,249 DEBUG b.s.t.s.Parser [main] parsed values:[cruise, 300, 5, Latvia weekend, BUS, HB, Latvia, true]
2019-09-23 03:09:30,250 DEBUG b.s.t.s.Parser [main] ------Parsing finish------
2019-09-23 03:11:15,234 DEBUG b.s.t.s.Parser [main] ------Parsing start------
2019-09-23 03:11:15,239 DEBUG b.s.t.s.Parser [main] parsed values:[﻿cruise, 100, 3, Poland weekend, BUS, AI, Poland, false]
2019-09-23 03:11:15,240 DEBUG b.s.t.s.Parser [main] parsed values:[Sightseeing, 250, 4, Old Paris, BUS, AI, France]
2019-09-23 03:11:15,240 DEBUG b.s.t.s.Parser [main] parsed values:[Relax, 1500, 10, Madrid, PLAIN, BUS, Russia, false]
2019-09-23 03:11:15,240 DEBUG b.s.t.s.Parser [main] parsed values:[Sightseeing, 200, 4, nepal, BUS, AI, Nepal]
2019-09-23 03:11:15,240 DEBUG b.s.t.s.Parser [main] parsed values:[cruise, 200, 4, Poland weekend, BUS, BB, Russia, false]
2019-09-23 03:11:15,241 DEBUG b.s.t.s.Parser [main] parsed values:[cruise, 300, 5, Latvia weekend, BUS, HB, Latvia, true]
2019-09-23 03:11:15,241 DEBUG b.s.t.s.Parser [main] ------Parsing finish------
2019-09-23 03:17:31,682 DEBUG b.s.t.s.Parser [main] ------Parsing start------
2019-09-23 03:17:31,690 DEBUG b.s.t.s.Parser [main] parsed values:[﻿cruise, 100, 3, Poland weekend, BUS, AI, Poland, false]
2019-09-23 03:17:31,691 DEBUG b.s.t.s.Parser [main] parsed values:[Sightseeing, 250, 4, Old Paris, BUS, AI, France]
2019-09-23 03:17:31,691 DEBUG b.s.t.s.Parser [main] parsed values:[Relax, 1500, 10, Madrid, PLAIN, BUS, Russia, false]
2019-09-23 03:17:31,691 DEBUG b.s.t.s.Parser [main] parsed values:[Sightseeing, 200, 4, nepal, BUS, AI, Nepal]
2019-09-23 03:17:31,692 DEBUG b.s.t.s.Parser [main] parsed values:[cruise, 200, 4, Poland weekend, BUS, BB, Russia, false]
2019-09-23 03:17:31,692 DEBUG b.s.t.s.Parser [main] parsed values:[cruise, 300, 5, Latvia weekend, BUS, HB, Latvia, true]
2019-09-23 03:17:31,692 DEBUG b.s.t.s.Parser [main] ------Parsing finish------
2019-09-23 03:20:28,039 DEBUG b.s.t.s.Parser [main] ------Parsing start------
2019-09-23 03:20:28,042 DEBUG b.s.t.s.Parser [main] parsed values:[﻿cruise, 100, 3, Poland weekend, train, AI, Poland, false]
2019-09-23 03:20:28,043 DEBUG b.s.t.s.Parser [main] parsed values:[Sightseeing, 250, 4, Old Paris, BUS, AI, France]
2019-09-23 03:20:28,043 DEBUG b.s.t.s.Parser [main] parsed values:[Relax, 1500, 10, Madrid, PLAIN, Plain, Russia, false]
2019-09-23 03:20:28,043 DEBUG b.s.t.s.Parser [main] parsed values:[Sightseeing, 200, 4, nepal, Plain, AI, Nepal]
2019-09-23 03:20:28,044 DEBUG b.s.t.s.Parser [main] parsed values:[cruise, 200, 4, Poland weekend, BUS, BB, Russia, false]
2019-09-23 03:20:28,044 DEBUG b.s.t.s.Parser [main] parsed values:[cruise, 300, 5, Latvia weekend, ship, HB, Latvia, true]
2019-09-23 03:20:28,044 DEBUG b.s.t.s.Parser [main] ------Parsing finish------
2019-09-23 03:20:28,051 WARN b.s.t.s.v.Validator [main] data in file is invalid java.lang.IllegalArgumentException: No enum constant by.samtsov.travelagency.beans.enums.Feed.Plain
2019-09-23 03:20:28,051 WARN b.s.t.s.v.Validator [main] data in file is invalid java.lang.IllegalArgumentException: No enum constant by.samtsov.travelagency.beans.enums.Transport.Plain
2019-09-23 03:20:28,051 WARN b.s.t.s.v.Validator [main] data in file is invalid java.lang.IllegalArgumentException: No enum constant by.samtsov.travelagency.beans.enums.Transport.ship
2019-09-23 03:21:16,458 DEBUG b.s.t.s.Parser [main] ------Parsing start------
2019-09-23 03:21:16,461 DEBUG b.s.t.s.Parser [main] parsed values:[﻿cruise, 100, 3, Poland weekend, train, AI, Poland, false]
2019-09-23 03:21:16,462 DEBUG b.s.t.s.Parser [main] parsed values:[Sightseeing, 250, 4, Old Paris, BUS, AI, France]
2019-09-23 03:21:16,462 DEBUG b.s.t.s.Parser [main] parsed values:[Relax, 1500, 10, Madrid, PLAIN, PLAIN, Russia, false]
2019-09-23 03:21:16,462 DEBUG b.s.t.s.Parser [main] parsed values:[Sightseeing, 200, 4, nepal, Plain, AI, Nepal]
2019-09-23 03:21:16,462 DEBUG b.s.t.s.Parser [main] parsed values:[cruise, 200, 4, Poland weekend, BUS, BB, Russia, false]
2019-09-23 03:21:16,462 DEBUG b.s.t.s.Parser [main] parsed values:[cruise, 300, 5, Latvia weekend, ship, HB, Latvia, true]
2019-09-23 03:21:16,463 DEBUG b.s.t.s.Parser [main] ------Parsing finish------
2019-09-23 03:21:16,472 WARN b.s.t.s.v.Validator [main] data in file is invalid java.lang.IllegalArgumentException: No enum constant by.samtsov.travelagency.beans.enums.Feed.PLAIN
2019-09-23 03:21:16,472 WARN b.s.t.s.v.Validator [main] data in file is invalid java.lang.IllegalArgumentException: No enum constant by.samtsov.travelagency.beans.enums.Transport.Plain
2019-09-23 03:21:16,472 WARN b.s.t.s.v.Validator [main] data in file is invalid java.lang.IllegalArgumentException: No enum constant by.samtsov.travelagency.beans.enums.Transport.ship
2019-09-23 03:21:51,486 DEBUG b.s.t.s.Parser [main] ------Parsing start------
2019-09-23 03:21:51,490 DEBUG b.s.t.s.Parser [main] parsed values:[﻿cruise, 100, 3, Poland weekend, train, AI, Poland, false]
2019-09-23 03:21:51,490 DEBUG b.s.t.s.Parser [main] parsed values:[Sightseeing, 250, 4, Old Paris, BUS, AI, France]
2019-09-23 03:21:51,490 DEBUG b.s.t.s.Parser [main] parsed values:[Relax, 1500, 10, Madrid, PLAIN, PLAIN, Russia, false]
2019-09-23 03:21:51,490 DEBUG b.s.t.s.Parser [main] parsed values:[Sightseeing, 200, 4, nepal, Plain, AI, Nepal]
2019-09-23 03:21:51,490 DEBUG b.s.t.s.Parser [main] parsed values:[cruise, 200, 4, Poland weekend, BUS, BB, Russia, false]
2019-09-23 03:21:51,491 DEBUG b.s.t.s.Parser [main] parsed values:[cruise, 300, 5, Latvia weekend, ship, HB, Latvia, true]
2019-09-23 03:21:51,491 DEBUG b.s.t.s.Parser [main] ------Parsing finish------
2019-09-23 03:21:51,498 WARN b.s.t.s.v.Validator [main] data in file is invalid java.lang.IllegalArgumentException: No enum constant by.samtsov.travelagency.beans.enums.Feed.PLAIN
2019-09-23 03:21:51,498 WARN b.s.t.s.v.Validator [main] data in file is invalid java.lang.IllegalArgumentException: No enum constant by.samtsov.travelagency.beans.enums.Transport.Plain
2019-09-23 03:21:51,498 WARN b.s.t.s.v.Validator [main] data in file is invalid java.lang.IllegalArgumentException: No enum constant by.samtsov.travelagency.beans.enums.Transport.ship
2019-09-23 03:22:22,737 DEBUG b.s.t.s.Parser [main] ------Parsing start------
2019-09-23 03:22:22,740 DEBUG b.s.t.s.Parser [main] parsed values:[﻿cruise, 100, 3, Poland weekend, train, AI, Poland, false]
2019-09-23 03:22:22,741 DEBUG b.s.t.s.Parser [main] parsed values:[Sightseeing, 250, 4, Old Paris, BUS, AI, France]
2019-09-23 03:22:22,741 DEBUG b.s.t.s.Parser [main] parsed values:[Relax, 1500, 10, Madrid, PLAIN, AI, Russia, false]
2019-09-23 03:22:22,741 DEBUG b.s.t.s.Parser [main] parsed values:[Sightseeing, 200, 4, nepal, PLAIN, AI, Nepal]
2019-09-23 03:22:22,741 DEBUG b.s.t.s.Parser [main] parsed values:[cruise, 200, 4, Poland weekend, BUS, BB, Russia, false]
2019-09-23 03:22:22,741 DEBUG b.s.t.s.Parser [main] parsed values:[cruise, 300, 5, Latvia weekend, ship, HB, Latvia, true]
2019-09-23 03:22:22,741 DEBUG b.s.t.s.Parser [main] ------Parsing finish------
2019-09-23 03:22:22,749 WARN b.s.t.s.v.Validator [main] data in file is invalid java.lang.IllegalArgumentException: No enum constant by.samtsov.travelagency.beans.enums.Transport.ship
2019-09-23 03:24:59,404 DEBUG b.s.t.s.Parser [main] ------Parsing start------
2019-09-23 03:24:59,409 DEBUG b.s.t.s.Parser [main] parsed values:[﻿cruise, 100, 3, Poland weekend, tRain, AI, Poland, false]
2019-09-23 03:24:59,410 DEBUG b.s.t.s.Parser [main] parsed values:[Sightseeing, 250, 4, Old Paris, BUs, AI, France]
2019-09-23 03:24:59,410 DEBUG b.s.t.s.Parser [main] parsed values:[Relax, 1500, 10, Madrid, PLaIN, AI, Russia, false]
2019-09-23 03:24:59,410 DEBUG b.s.t.s.Parser [main] parsed values:[Sightseeing, 200, 4, nepal, PLaIN, AI, Nepal]
2019-09-23 03:24:59,410 DEBUG b.s.t.s.Parser [main] parsed values:[cruise, 200, 4, Poland weekend, BuS, BB, Russia, false]
2019-09-23 03:24:59,411 DEBUG b.s.t.s.Parser [main] parsed values:[cruise, 300, 5, Latvia weekend, shIp, HB, Latvia, true]
2019-09-23 03:24:59,411 DEBUG b.s.t.s.Parser [main] ------Parsing finish------
2019-09-23 03:24:59,417 WARN b.s.t.s.v.Validator [main] data in file is invalid java.lang.IllegalArgumentException: No enum constant by.samtsov.travelagency.beans.enums.Transport.BUs
2019-09-23 03:24:59,417 WARN b.s.t.s.v.Validator [main] data in file is invalid java.lang.IllegalArgumentException: No enum constant by.samtsov.travelagency.beans.enums.Transport.PLaIN
2019-09-23 03:24:59,418 WARN b.s.t.s.v.Validator [main] data in file is invalid java.lang.IllegalArgumentException: No enum constant by.samtsov.travelagency.beans.enums.Transport.PLaIN
2019-09-23 03:24:59,418 WARN b.s.t.s.v.Validator [main] data in file is invalid java.lang.IllegalArgumentException: No enum constant by.samtsov.travelagency.beans.enums.Transport.BuS
2019-09-23 03:24:59,418 WARN b.s.t.s.v.Validator [main] data in file is invalid java.lang.IllegalArgumentException: No enum constant by.samtsov.travelagency.beans.enums.Transport.shIp
2019-09-23 03:26:57,277 DEBUG b.s.t.s.Parser [main] ------Parsing start------
2019-09-23 03:26:57,280 DEBUG b.s.t.s.Parser [main] parsed values:[﻿cruise, 100, 3, Poland weekend, tRain, AI, Poland, false]
2019-09-23 03:26:57,280 DEBUG b.s.t.s.Parser [main] parsed values:[Sightseeing, 250, 4, Old Paris, BUs, AI, France]
2019-09-23 03:26:57,280 DEBUG b.s.t.s.Parser [main] parsed values:[Relax, 1500, 10, Madrid, PLaIN, AI, Russia, false]
2019-09-23 03:26:57,281 DEBUG b.s.t.s.Parser [main] parsed values:[Sightseeing, 200, 4, nepal, PLaIN, AI, Nepal]
2019-09-23 03:26:57,281 DEBUG b.s.t.s.Parser [main] parsed values:[cruise, 200, 4, Poland weekend, BuS, BB, Russia, false]
2019-09-23 03:26:57,281 DEBUG b.s.t.s.Parser [main] parsed values:[cruise, 300, 5, Latvia weekend, shIp, HB, Latvia, true]
2019-09-23 03:26:57,281 DEBUG b.s.t.s.Parser [main] ------Parsing finish------
2019-09-23 03:27:49,121 DEBUG b.s.t.s.Parser [main] ------Parsing start------
2019-09-23 03:27:49,124 DEBUG b.s.t.s.Parser [main] parsed values:[﻿cruise, 100, 3, Poland weekend, tRain, AI, Poland, false]
2019-09-23 03:27:49,125 DEBUG b.s.t.s.Parser [main] parsed values:[Sightseeing, 250, 4, Old Paris, BUs, AI, France]
2019-09-23 03:27:49,125 DEBUG b.s.t.s.Parser [main] parsed values:[Relax, 1500, 10, Madrid, PLaIN, AI, Russia, false]
2019-09-23 03:27:49,125 DEBUG b.s.t.s.Parser [main] parsed values:[Sightseeing, 200, 4, nepal, PLaIN, AI, Nepal]
2019-09-23 03:27:49,125 DEBUG b.s.t.s.Parser [main] parsed values:[cruise, 200, 4, Poland weekend, BuS, BB, Russia, false]
2019-09-23 03:27:49,125 DEBUG b.s.t.s.Parser [main] parsed values:[cruise, 300, 5, Latvia weekend, shIp, HB, Latvia, true]
2019-09-23 03:27:49,126 DEBUG b.s.t.s.Parser [main] ------Parsing finish------
2019-09-23 03:34:49,840 DEBUG b.s.t.s.Parser [main] ------Parsing start------
2019-09-23 03:34:49,843 DEBUG b.s.t.s.Parser [main] parsed values:[﻿cruise, 100, 3, Poland weekend, tRain, AI, Poland, false]
2019-09-23 03:34:49,844 DEBUG b.s.t.s.Parser [main] parsed values:[Sightseeing, 250, 4, Old Paris, BUs, AI, France]
2019-09-23 03:34:49,844 DEBUG b.s.t.s.Parser [main] parsed values:[Relax, 1500, 10, Madrid, PLaIN, AI, Russia, false]
2019-09-23 03:34:49,844 DEBUG b.s.t.s.Parser [main] parsed values:[Sightseeing, 200, 4, nepal, PLaIN, AI, Nepal]
2019-09-23 03:34:49,844 DEBUG b.s.t.s.Parser [main] parsed values:[cruise, 200, 4, Poland weekend, BuS, BB, Russia, false]
2019-09-23 03:34:49,844 DEBUG b.s.t.s.Parser [main] parsed values:[cruise, 300, 5, Latvia weekend, shIp, HB, Latvia, true]
2019-09-23 03:34:49,844 DEBUG b.s.t.s.Parser [main] ------Parsing finish------
2019-09-23 03:35:30,610 DEBUG b.s.t.s.Parser [main] ------Parsing start------
2019-09-23 03:35:30,613 DEBUG b.s.t.s.Parser [main] parsed values:[﻿cruise, 100, 3, Poland weekend, tRain, AI, Poland, false]
2019-09-23 03:35:30,614 DEBUG b.s.t.s.Parser [main] parsed values:[Sightseeing, 250, 4, Old Paris, BUs, AI, France]
2019-09-23 03:35:30,614 DEBUG b.s.t.s.Parser [main] parsed values:[Relax, 1500, 10, Madrid, PLaIN, AI, Russia, false]
2019-09-23 03:35:30,614 DEBUG b.s.t.s.Parser [main] parsed values:[Sightseeing, 200, 4, nepal, PLaIN, AI, Nepal]
2019-09-23 03:35:30,614 DEBUG b.s.t.s.Parser [main] parsed values:[cruise, 200, 4, Poland weekend, BuS, BB, Russia, false]
2019-09-23 03:35:30,615 DEBUG b.s.t.s.Parser [main] parsed values:[cruise, 300, 5, Latvia weekend, shIp, HB, Latvia, true]
2019-09-23 03:35:30,615 DEBUG b.s.t.s.Parser [main] ------Parsing finish------
2019-09-23 03:35:30,619 DEBUG b.s.t.s.TourCreator [main] ----creating objects------
2019-09-23 03:35:30,619 DEBUG b.s.t.s.TourCreator [main] object [﻿cruise, 100, 3, Poland weekend, tRain, AI, Poland, false] is correct :false
2019-09-23 03:35:30,620 DEBUG b.s.t.s.TourCreator [main] object [Sightseeing, 250, 4, Old Paris, BUs, AI, France] is correct :true
2019-09-23 03:35:30,620 DEBUG b.s.t.s.TourCreator [main] object [Relax, 1500, 10, Madrid, PLaIN, AI, Russia, false] is correct :false
2019-09-23 03:35:30,620 DEBUG b.s.t.s.TourCreator [main] object [Sightseeing, 200, 4, nepal, PLaIN, AI, Nepal] is correct :true
2019-09-23 03:35:30,621 DEBUG b.s.t.s.TourCreator [main] object [cruise, 200, 4, Poland weekend, BuS, BB, Russia, false] is correct :true
2019-09-23 03:35:30,621 DEBUG b.s.t.s.TourCreator [main] object [cruise, 300, 5, Latvia weekend, shIp, HB, Latvia, true] is correct :true
2019-09-23 03:35:30,621 DEBUG b.s.t.s.TourCreator [main] ----correct objects are created------
2019-09-23 03:40:44,212 DEBUG b.s.t.s.Parser [main] ------Parsing start------
2019-09-23 03:40:44,215 DEBUG b.s.t.s.Parser [main] parsed values:[﻿cruise, 100, 3, Poland weekend, tRain, AI, Poland, true]
2019-09-23 03:40:44,215 DEBUG b.s.t.s.Parser [main] parsed values:[Sightseeing, 250, 4, Old Paris, BUs, AI, France]
2019-09-23 03:40:44,216 DEBUG b.s.t.s.Parser [main] parsed values:[Relax, 1500, 10, Madrid, PLaIN, AI, Russia, false]
2019-09-23 03:40:44,216 DEBUG b.s.t.s.Parser [main] parsed values:[Sightseeing, 200, 4, nepal, PLaIN, AI, Nepal]
2019-09-23 03:40:44,216 DEBUG b.s.t.s.Parser [main] parsed values:[cruise, 200, 4, Poland weekend, BuS, BB, Russia, false]
2019-09-23 03:40:44,216 DEBUG b.s.t.s.Parser [main] parsed values:[cruise, 300, 5, Latvia weekend, shIp, HB, Latvia, true]
2019-09-23 03:40:44,217 DEBUG b.s.t.s.Parser [main] ------Parsing finish------
2019-09-23 03:40:44,254 DEBUG b.s.t.s.TourCreator [main] ----creating objects------
2019-09-23 03:40:44,254 DEBUG b.s.t.s.TourCreator [main] object [﻿cruise, 100, 3, Poland weekend, tRain, AI, Poland, true] is correct :false
2019-09-23 03:40:44,256 DEBUG b.s.t.s.TourCreator [main] object [Sightseeing, 250, 4, Old Paris, BUs, AI, France] is correct :true
2019-09-23 03:40:44,257 DEBUG b.s.t.s.TourCreator [main] object [Relax, 1500, 10, Madrid, PLaIN, AI, Russia, false] is correct :false
2019-09-23 03:40:44,258 DEBUG b.s.t.s.TourCreator [main] object [Sightseeing, 200, 4, nepal, PLaIN, AI, Nepal] is correct :true
2019-09-23 03:40:44,258 DEBUG b.s.t.s.TourCreator [main] object [cruise, 200, 4, Poland weekend, BuS, BB, Russia, false] is correct :true
2019-09-23 03:40:44,258 DEBUG b.s.t.s.TourCreator [main] object [cruise, 300, 5, Latvia weekend, shIp, HB, Latvia, true] is correct :true
2019-09-23 03:40:44,259 DEBUG b.s.t.s.TourCreator [main] ----correct objects are created------
2019-09-23 03:50:34,820 DEBUG b.s.t.s.Parser [main] ------Parsing start------
2019-09-23 03:50:34,824 DEBUG b.s.t.s.Parser [main] parsed values:[﻿cruise, 100, 3, Poland weekend, tRain, AI, Poland, true]
2019-09-23 03:50:34,824 DEBUG b.s.t.s.Parser [main] parsed values:[Sightseeing, 250, 4, Old Paris, BUs, AI, France]
2019-09-23 03:50:34,825 DEBUG b.s.t.s.Parser [main] parsed values:[Relax, 1500, 10, Madrid, PLaIN, AI, Russia, false]
2019-09-23 03:50:34,826 DEBUG b.s.t.s.Parser [main] parsed values:[Sightseeing, 200, 4, nepal, PLaIN, AI, Nepal]
2019-09-23 03:50:34,826 DEBUG b.s.t.s.Parser [main] parsed values:[cruise, 200, 4, Poland weekend, BuS, BB, Russia, false]
2019-09-23 03:50:34,826 DEBUG b.s.t.s.Parser [main] parsed values:[cruise, 300, 5, Latvia weekend, shIp, HB, Latvia, true]
2019-09-23 03:50:34,827 DEBUG b.s.t.s.Parser [main] ------Parsing finish------
2019-09-23 03:50:34,832 DEBUG b.s.t.s.TourCreator [main] ----creating objects------
2019-09-23 03:50:34,833 DEBUG b.s.t.s.TourCreator [main] object [﻿cruise, 100, 3, Poland weekend, tRain, AI, Poland, true] is correct :false
2019-09-23 03:50:34,834 DEBUG b.s.t.s.TourCreator [main] object [Sightseeing, 250, 4, Old Paris, BUs, AI, France] is correct :true
2019-09-23 03:50:34,834 DEBUG b.s.t.s.TourCreator [main] object [Relax, 1500, 10, Madrid, PLaIN, AI, Russia, false] is correct :true
2019-09-23 03:50:34,835 DEBUG b.s.t.s.TourCreator [main] object [Sightseeing, 200, 4, nepal, PLaIN, AI, Nepal] is correct :true
2019-09-23 03:50:34,835 DEBUG b.s.t.s.TourCreator [main] object [cruise, 200, 4, Poland weekend, BuS, BB, Russia, false] is correct :true
2019-09-23 03:50:34,835 DEBUG b.s.t.s.TourCreator [main] object [cruise, 300, 5, Latvia weekend, shIp, HB, Latvia, true] is correct :true
2019-09-23 03:50:34,835 DEBUG b.s.t.s.TourCreator [main] ----correct objects are created------
2019-09-23 03:51:23,582 DEBUG b.s.t.s.Parser [main] ------Parsing start------
2019-09-23 03:51:23,586 DEBUG b.s.t.s.Parser [main] parsed values:[﻿cruise, 1010, 3, Poland weekend, tRain, AI, Poland, true]
2019-09-23 03:51:23,586 DEBUG b.s.t.s.Parser [main] parsed values:[Sightseeing, 250, 4, Old Paris, BUs, AI, France]
2019-09-23 03:51:23,586 DEBUG b.s.t.s.Parser [main] parsed values:[Relax, 1500, 10, Madrid, PLaIN, AI, Russia, false]
2019-09-23 03:51:23,586 DEBUG b.s.t.s.Parser [main] parsed values:[Sightseeing, 200, 4, nepal, PLaIN, AI, Nepal]
2019-09-23 03:51:23,586 DEBUG b.s.t.s.Parser [main] parsed values:[cruise, 200, 4, Poland weekend, BuS, BB, Russia, false]
2019-09-23 03:51:23,587 DEBUG b.s.t.s.Parser [main] parsed values:[cruise, 300, 5, Latvia weekend, shIp, HB, Latvia, true]
2019-09-23 03:51:23,587 DEBUG b.s.t.s.Parser [main] ------Parsing finish------
2019-09-23 03:51:23,590 DEBUG b.s.t.s.TourCreator [main] ----creating objects------
2019-09-23 03:51:23,591 DEBUG b.s.t.s.TourCreator [main] object [﻿cruise, 1010, 3, Poland weekend, tRain, AI, Poland, true] is correct :false
2019-09-23 03:51:23,592 DEBUG b.s.t.s.TourCreator [main] object [Sightseeing, 250, 4, Old Paris, BUs, AI, France] is correct :true
2019-09-23 03:51:23,592 DEBUG b.s.t.s.TourCreator [main] object [Relax, 1500, 10, Madrid, PLaIN, AI, Russia, false] is correct :true
2019-09-23 03:51:23,592 DEBUG b.s.t.s.TourCreator [main] object [Sightseeing, 200, 4, nepal, PLaIN, AI, Nepal] is correct :true
2019-09-23 03:51:23,592 DEBUG b.s.t.s.TourCreator [main] object [cruise, 200, 4, Poland weekend, BuS, BB, Russia, false] is correct :true
2019-09-23 03:51:23,593 DEBUG b.s.t.s.TourCreator [main] object [cruise, 300, 5, Latvia weekend, shIp, HB, Latvia, true] is correct :true
2019-09-23 03:51:23,593 DEBUG b.s.t.s.TourCreator [main] ----correct objects are created------
2019-09-23 03:54:11,975 DEBUG b.s.t.s.Parser [main] ------Parsing start------
2019-09-23 03:54:11,978 DEBUG b.s.t.s.Parser [main] parsed values:[﻿cruise, 1010, 3, Poland weekend, tRain, AI, Poland, true]
2019-09-23 03:54:11,978 DEBUG b.s.t.s.Parser [main] parsed values:[Sightseeing, 250, 4, Old Paris, BUs, AI, France]
2019-09-23 03:54:11,978 DEBUG b.s.t.s.Parser [main] parsed values:[Relax, 1500, 10, Madrid, PLaIN, AI, Russia, false]
2019-09-23 03:54:11,979 DEBUG b.s.t.s.Parser [main] parsed values:[Sightseeing, 200, 4, nepal, PLaIN, AI, Nepal]
2019-09-23 03:54:11,979 DEBUG b.s.t.s.Parser [main] parsed values:[cruise, 200, 4, Poland weekend, BuS, BB, Russia, false]
2019-09-23 03:54:11,979 DEBUG b.s.t.s.Parser [main] parsed values:[cruise, 300, 5, Latvia weekend, shIp, HB, Latvia, true]
2019-09-23 03:54:11,979 DEBUG b.s.t.s.Parser [main] ------Parsing finish------
2019-09-23 03:54:11,983 DEBUG b.s.t.s.TourCreator [main] ----creating objects------
2019-09-23 03:54:11,983 DEBUG b.s.t.s.TourCreator [main] object [﻿cruise, 1010, 3, Poland weekend, tRain, AI, Poland, true] is correct :false
2019-09-23 03:54:11,984 DEBUG b.s.t.s.TourCreator [main] object [Sightseeing, 250, 4, Old Paris, BUs, AI, France] is correct :true
2019-09-23 03:54:11,985 DEBUG b.s.t.s.TourCreator [main] object [Relax, 1500, 10, Madrid, PLaIN, AI, Russia, false] is correct :true
2019-09-23 03:54:11,985 DEBUG b.s.t.s.TourCreator [main] object [Sightseeing, 200, 4, nepal, PLaIN, AI, Nepal] is correct :true
2019-09-23 03:54:11,985 INFO b.s.t.s.v.Validator [main] cruise boolean is ok
2019-09-23 03:54:11,985 DEBUG b.s.t.s.TourCreator [main] object [cruise, 200, 4, Poland weekend, BuS, BB, Russia, false] is correct :true
2019-09-23 03:54:11,986 INFO b.s.t.s.v.Validator [main] cruise boolean is ok
2019-09-23 03:54:11,986 INFO b.s.t.s.v.Validator [main] cruise boolean is ok
2019-09-23 03:54:11,986 DEBUG b.s.t.s.TourCreator [main] object [cruise, 300, 5, Latvia weekend, shIp, HB, Latvia, true] is correct :true
2019-09-23 03:54:11,986 INFO b.s.t.s.v.Validator [main] cruise boolean is ok
2019-09-23 03:54:11,987 DEBUG b.s.t.s.TourCreator [main] ----correct objects are created------
2019-09-23 03:56:07,854 DEBUG b.s.t.s.Parser [main] ------Parsing start------
2019-09-23 03:56:07,858 DEBUG b.s.t.s.Parser [main] parsed values:[﻿Cruise, 1010, 3, Poland weekend, tRain, AI, Poland, true]
2019-09-23 03:56:07,858 DEBUG b.s.t.s.Parser [main] parsed values:[Sightseeing, 250, 4, Old Paris, BUs, AI, France]
2019-09-23 03:56:07,859 DEBUG b.s.t.s.Parser [main] parsed values:[Relax, 1500, 10, Madrid, PLaIN, AI, Russia, false]
2019-09-23 03:56:07,859 DEBUG b.s.t.s.Parser [main] parsed values:[Sightseeing, 200, 4, nepal, PLaIN, AI, Nepal]
2019-09-23 03:56:07,859 DEBUG b.s.t.s.Parser [main] parsed values:[cruise, 200, 4, Poland weekend, BuS, BB, Russia, false]
2019-09-23 03:56:07,859 DEBUG b.s.t.s.Parser [main] parsed values:[cruise, 300, 5, Latvia weekend, shIp, HB, Latvia, true]
2019-09-23 03:56:07,860 DEBUG b.s.t.s.Parser [main] ------Parsing finish------
2019-09-23 03:56:07,864 DEBUG b.s.t.s.TourCreator [main] ----creating objects------
2019-09-23 03:56:07,865 DEBUG b.s.t.s.TourCreator [main] object [﻿Cruise, 1010, 3, Poland weekend, tRain, AI, Poland, true] is correct :false
2019-09-23 03:56:07,866 DEBUG b.s.t.s.TourCreator [main] object [Sightseeing, 250, 4, Old Paris, BUs, AI, France] is correct :true
2019-09-23 03:56:07,866 DEBUG b.s.t.s.TourCreator [main] object [Relax, 1500, 10, Madrid, PLaIN, AI, Russia, false] is correct :true
2019-09-23 03:56:07,866 DEBUG b.s.t.s.TourCreator [main] object [Sightseeing, 200, 4, nepal, PLaIN, AI, Nepal] is correct :true
2019-09-23 03:56:07,867 INFO b.s.t.s.v.Validator [main] cruise boolean is ok
2019-09-23 03:56:07,867 DEBUG b.s.t.s.TourCreator [main] object [cruise, 200, 4, Poland weekend, BuS, BB, Russia, false] is correct :true
2019-09-23 03:56:07,867 INFO b.s.t.s.v.Validator [main] cruise boolean is ok
2019-09-23 03:56:07,867 INFO b.s.t.s.v.Validator [main] cruise boolean is ok
2019-09-23 03:56:07,867 DEBUG b.s.t.s.TourCreator [main] object [cruise, 300, 5, Latvia weekend, shIp, HB, Latvia, true] is correct :true
2019-09-23 03:56:07,867 INFO b.s.t.s.v.Validator [main] cruise boolean is ok
2019-09-23 03:56:07,867 DEBUG b.s.t.s.TourCreator [main] ----correct objects are created------
2019-09-23 03:57:00,273 DEBUG b.s.t.s.Parser [main] ------Parsing start------
2019-09-23 03:57:00,277 DEBUG b.s.t.s.Parser [main] parsed values:[﻿Cruise, 1010, 3, Poland weekend, tRain, AI, Poland, true]
2019-09-23 03:57:00,277 DEBUG b.s.t.s.Parser [main] parsed values:[Sightseeing, 250, 4, Old Paris, BUs, AI, France]
2019-09-23 03:57:00,278 DEBUG b.s.t.s.Parser [main] parsed values:[Relax, 1500, 10, Madrid, PLaIN, AI, Russia, false]
2019-09-23 03:57:00,278 DEBUG b.s.t.s.Parser [main] parsed values:[Sightseeing, 200, 4, nepal, PLaIN, AI, Nepal]
2019-09-23 03:57:00,278 DEBUG b.s.t.s.Parser [main] parsed values:[cruise, 200, 4, Poland weekend, BuS, BB, Russia, false]
2019-09-23 03:57:00,278 DEBUG b.s.t.s.Parser [main] parsed values:[cruise, 300, 5, Latvia weekend, shIp, HB, Latvia, true]
2019-09-23 03:57:00,278 DEBUG b.s.t.s.Parser [main] ------Parsing finish------
2019-09-23 03:57:00,283 DEBUG b.s.t.s.TourCreator [main] ----creating objects------
2019-09-23 03:57:00,284 INFO b.s.t.s.v.Validator [main] type of tour is incorrect!
2019-09-23 03:57:00,284 DEBUG b.s.t.s.TourCreator [main] object [﻿Cruise, 1010, 3, Poland weekend, tRain, AI, Poland, true] is correct :false
2019-09-23 03:57:00,284 INFO b.s.t.s.v.Validator [main] type of tour is incorrect!
2019-09-23 03:57:00,285 DEBUG b.s.t.s.TourCreator [main] object [Sightseeing, 250, 4, Old Paris, BUs, AI, France] is correct :true
2019-09-23 03:57:00,285 DEBUG b.s.t.s.TourCreator [main] object [Relax, 1500, 10, Madrid, PLaIN, AI, Russia, false] is correct :true
2019-09-23 03:57:00,286 DEBUG b.s.t.s.TourCreator [main] object [Sightseeing, 200, 4, nepal, PLaIN, AI, Nepal] is correct :true
2019-09-23 03:57:00,286 INFO b.s.t.s.v.Validator [main] cruise boolean is ok
2019-09-23 03:57:00,286 DEBUG b.s.t.s.TourCreator [main] object [cruise, 200, 4, Poland weekend, BuS, BB, Russia, false] is correct :true
2019-09-23 03:57:00,286 INFO b.s.t.s.v.Validator [main] cruise boolean is ok
2019-09-23 03:57:00,286 INFO b.s.t.s.v.Validator [main] cruise boolean is ok
2019-09-23 03:57:00,286 DEBUG b.s.t.s.TourCreator [main] object [cruise, 300, 5, Latvia weekend, shIp, HB, Latvia, true] is correct :true
2019-09-23 03:57:00,287 INFO b.s.t.s.v.Validator [main] cruise boolean is ok
2019-09-23 03:57:00,287 DEBUG b.s.t.s.TourCreator [main] ----correct objects are created------
2019-09-23 03:57:49,192 DEBUG b.s.t.s.Parser [main] ------Parsing start------
2019-09-23 03:57:49,197 DEBUG b.s.t.s.Parser [main] parsed values:[﻿Cruise, 1010, 3, Poland weekend, tRain, AI, Poland, true]
2019-09-23 03:57:49,198 DEBUG b.s.t.s.Parser [main] parsed values:[Sightseeing, 250, 4, Old Paris, BUs, AI, France]
2019-09-23 03:57:49,198 DEBUG b.s.t.s.Parser [main] parsed values:[Relax, 1500, 10, Madrid, PLaIN, AI, Russia, false]
2019-09-23 03:57:49,198 DEBUG b.s.t.s.Parser [main] parsed values:[Sightseeing, 200, 4, nepal, PLaIN, AI, Nepal]
2019-09-23 03:57:49,199 DEBUG b.s.t.s.Parser [main] parsed values:[cruise, 200, 4, Poland weekend, BuS, BB, Russia, false]
2019-09-23 03:57:49,199 DEBUG b.s.t.s.Parser [main] parsed values:[cruise, 300, 5, Latvia weekend, shIp, HB, Latvia, true]
2019-09-23 03:57:49,199 DEBUG b.s.t.s.Parser [main] ------Parsing finish------
2019-09-23 03:57:49,204 DEBUG b.s.t.s.TourCreator [main] ----creating objects------
2019-09-23 03:57:49,204 INFO b.s.t.s.v.Validator [main] type of tour is incorrect!
2019-09-23 03:57:49,204 DEBUG b.s.t.s.TourCreator [main] object [﻿Cruise, 1010, 3, Poland weekend, tRain, AI, Poland, true] is correct :false
2019-09-23 03:57:49,205 INFO b.s.t.s.v.Validator [main] type of tour is incorrect!
2019-09-23 03:57:49,206 DEBUG b.s.t.s.TourCreator [main] object [Sightseeing, 250, 4, Old Paris, BUs, AI, France] is correct :true
2019-09-23 03:57:49,207 DEBUG b.s.t.s.TourCreator [main] object [Relax, 1500, 10, Madrid, PLaIN, AI, Russia, false] is correct :true
2019-09-23 03:57:49,207 DEBUG b.s.t.s.TourCreator [main] object [Sightseeing, 200, 4, nepal, PLaIN, AI, Nepal] is correct :true
2019-09-23 03:57:49,207 INFO b.s.t.s.v.Validator [main] cruise boolean is ok
2019-09-23 03:57:49,207 DEBUG b.s.t.s.TourCreator [main] object [cruise, 200, 4, Poland weekend, BuS, BB, Russia, false] is correct :true
2019-09-23 03:57:49,208 INFO b.s.t.s.v.Validator [main] cruise boolean is ok
2019-09-23 03:57:49,208 INFO b.s.t.s.v.Validator [main] cruise boolean is ok
2019-09-23 03:57:49,208 DEBUG b.s.t.s.TourCreator [main] object [cruise, 300, 5, Latvia weekend, shIp, HB, Latvia, true] is correct :true
2019-09-23 03:57:49,208 INFO b.s.t.s.v.Validator [main] cruise boolean is ok
2019-09-23 03:57:49,208 DEBUG b.s.t.s.TourCreator [main] ----correct objects are created------
2019-09-23 03:58:19,767 DEBUG b.s.t.s.Parser [main] ------Parsing start------
2019-09-23 03:58:19,770 DEBUG b.s.t.s.Parser [main] parsed values:[﻿cruise, 200, 4, Poland weekend, BuS, BB, Russia, false]
2019-09-23 03:58:19,771 DEBUG b.s.t.s.Parser [main] parsed values:[Sightseeing, 250, 4, Old Paris, BUs, AI, France]
2019-09-23 03:58:19,771 DEBUG b.s.t.s.Parser [main] parsed values:[Relax, 1500, 10, Madrid, PLaIN, AI, Russia, false]
2019-09-23 03:58:19,771 DEBUG b.s.t.s.Parser [main] parsed values:[Sightseeing, 200, 4, nepal, PLaIN, AI, Nepal]
2019-09-23 03:58:19,772 DEBUG b.s.t.s.Parser [main] parsed values:[cruise, 200, 4, Poland weekend, BuS, BB, Russia, false]
2019-09-23 03:58:19,772 DEBUG b.s.t.s.Parser [main] parsed values:[cruise, 300, 5, Latvia weekend, shIp, HB, Latvia, true]
2019-09-23 03:58:19,772 DEBUG b.s.t.s.Parser [main] ------Parsing finish------
2019-09-23 03:58:19,776 DEBUG b.s.t.s.TourCreator [main] ----creating objects------
2019-09-23 03:58:19,776 INFO b.s.t.s.v.Validator [main] type of tour is incorrect!
2019-09-23 03:58:19,776 DEBUG b.s.t.s.TourCreator [main] object [﻿cruise, 200, 4, Poland weekend, BuS, BB, Russia, false] is correct :false
2019-09-23 03:58:19,776 INFO b.s.t.s.v.Validator [main] type of tour is incorrect!
2019-09-23 03:58:19,777 DEBUG b.s.t.s.TourCreator [main] object [Sightseeing, 250, 4, Old Paris, BUs, AI, France] is correct :true
2019-09-23 03:58:19,778 DEBUG b.s.t.s.TourCreator [main] object [Relax, 1500, 10, Madrid, PLaIN, AI, Russia, false] is correct :true
2019-09-23 03:58:19,778 DEBUG b.s.t.s.TourCreator [main] object [Sightseeing, 200, 4, nepal, PLaIN, AI, Nepal] is correct :true
2019-09-23 03:58:19,778 INFO b.s.t.s.v.Validator [main] cruise boolean is ok
2019-09-23 03:58:19,778 DEBUG b.s.t.s.TourCreator [main] object [cruise, 200, 4, Poland weekend, BuS, BB, Russia, false] is correct :true
2019-09-23 03:58:19,778 INFO b.s.t.s.v.Validator [main] cruise boolean is ok
2019-09-23 03:58:19,779 INFO b.s.t.s.v.Validator [main] cruise boolean is ok
2019-09-23 03:58:19,779 DEBUG b.s.t.s.TourCreator [main] object [cruise, 300, 5, Latvia weekend, shIp, HB, Latvia, true] is correct :true
2019-09-23 03:58:19,779 INFO b.s.t.s.v.Validator [main] cruise boolean is ok
2019-09-23 03:58:19,779 DEBUG b.s.t.s.TourCreator [main] ----correct objects are created------
2019-09-23 04:00:11,410 DEBUG b.s.t.s.Parser [main] ------Parsing start------
2019-09-23 04:00:11,415 DEBUG b.s.t.s.Parser [main] parsed values:[﻿cruise, 200, 4, Poland weekend, BuS, BB, Russia, false]
2019-09-23 04:00:11,415 DEBUG b.s.t.s.Parser [main] parsed values:[Sightseeing, 250, 4, Old Paris, BUs, AI, France]
2019-09-23 04:00:11,416 DEBUG b.s.t.s.Parser [main] parsed values:[Relax, 1500, 10, Madrid, PLaIN, AI, Russia, false]
2019-09-23 04:00:11,416 DEBUG b.s.t.s.Parser [main] parsed values:[Sightseeing, 200, 4, nepal, PLaIN, AI, Nepal]
2019-09-23 04:00:11,416 DEBUG b.s.t.s.Parser [main] parsed values:[cruise, 200, 4, Poland weekend, BuS, BB, Russia, false]
2019-09-23 04:00:11,416 DEBUG b.s.t.s.Parser [main] parsed values:[cruise, 300, 5, Latvia weekend, shIp, HB, Latvia, true]
2019-09-23 04:00:11,417 DEBUG b.s.t.s.Parser [main] ------Parsing finish------
2019-09-23 04:00:11,420 DEBUG b.s.t.s.TourCreator [main] ----creating objects------
2019-09-23 04:00:11,420 INFO b.s.t.s.v.Validator [main] type of tour [﻿cruise, 200, 4, Poland weekend, BuS, BB, Russia, false] is incorrect!
2019-09-23 04:00:11,420 DEBUG b.s.t.s.TourCreator [main] object [﻿cruise, 200, 4, Poland weekend, BuS, BB, Russia, false] is correct :false
2019-09-23 04:00:11,421 INFO b.s.t.s.v.Validator [main] type of tour [﻿cruise, 200, 4, Poland weekend, BuS, BB, Russia, false] is incorrect!
2019-09-23 04:00:11,422 DEBUG b.s.t.s.TourCreator [main] object [Sightseeing, 250, 4, Old Paris, BUs, AI, France] is correct :true
2019-09-23 04:00:11,422 DEBUG b.s.t.s.TourCreator [main] object [Relax, 1500, 10, Madrid, PLaIN, AI, Russia, false] is correct :true
2019-09-23 04:00:11,422 DEBUG b.s.t.s.TourCreator [main] object [Sightseeing, 200, 4, nepal, PLaIN, AI, Nepal] is correct :true
2019-09-23 04:00:11,423 INFO b.s.t.s.v.Validator [main] cruise boolean is ok
2019-09-23 04:00:11,423 DEBUG b.s.t.s.TourCreator [main] object [cruise, 200, 4, Poland weekend, BuS, BB, Russia, false] is correct :true
2019-09-23 04:00:11,423 INFO b.s.t.s.v.Validator [main] cruise boolean is ok
2019-09-23 04:00:11,423 INFO b.s.t.s.v.Validator [main] cruise boolean is ok
2019-09-23 04:00:11,423 DEBUG b.s.t.s.TourCreator [main] object [cruise, 300, 5, Latvia weekend, shIp, HB, Latvia, true] is correct :true
2019-09-23 04:00:11,423 INFO b.s.t.s.v.Validator [main] cruise boolean is ok
2019-09-23 04:00:11,423 DEBUG b.s.t.s.TourCreator [main] ----correct objects are created------
2019-09-23 04:03:02,760 DEBUG b.s.t.s.Parser [main] ------Parsing start------
2019-09-23 04:03:02,765 DEBUG b.s.t.s.Parser [main] parsed values:[﻿cruise, 200, 4, Poland weekend, BuS, BB, Russia, false]
2019-09-23 04:03:02,765 DEBUG b.s.t.s.Parser [main] parsed values:[Sightseeing, 250, 4, Old Paris, BUs, AI, France]
2019-09-23 04:03:02,765 DEBUG b.s.t.s.Parser [main] parsed values:[Relax, 1500, 10, Madrid, PLaIN, AI, Russia, false]
2019-09-23 04:03:02,765 DEBUG b.s.t.s.Parser [main] parsed values:[Sightseeing, 200, 4, nepal, PLaIN, AI, Nepal]
2019-09-23 04:03:02,766 DEBUG b.s.t.s.Parser [main] parsed values:[cruise, 200, 4, Poland weekend, BuS, BB, Russia, false]
2019-09-23 04:03:02,766 DEBUG b.s.t.s.Parser [main] parsed values:[cruise, 300, 5, Latvia weekend, shIp, HB, Latvia, true]
2019-09-23 04:03:02,766 DEBUG b.s.t.s.Parser [main] ------Parsing finish------
2019-09-23 04:03:02,775 DEBUG b.s.t.s.TourCreator [main] ----creating objects------
2019-09-23 04:04:41,191 WARN b.s.t.s.v.Validator [main] type of tour [﻿cruise, 200, 4, Poland weekend, BuS, BB, Russia, false] is incorrect!
2019-09-23 04:04:41,193 DEBUG b.s.t.s.TourCreator [main] object [﻿cruise, 200, 4, Poland weekend, BuS, BB, Russia, false] is correct :false
2019-09-23 04:04:41,194 WARN b.s.t.s.v.Validator [main] type of tour [﻿cruise, 200, 4, Poland weekend, BuS, BB, Russia, false] is incorrect!
2019-09-23 04:04:41,196 DEBUG b.s.t.s.TourCreator [main] object [Sightseeing, 250, 4, Old Paris, BUs, AI, France] is correct :true
2019-09-23 04:04:41,198 DEBUG b.s.t.s.TourCreator [main] object [Relax, 1500, 10, Madrid, PLaIN, AI, Russia, false] is correct :true
2019-09-23 04:04:41,199 DEBUG b.s.t.s.TourCreator [main] object [Sightseeing, 200, 4, nepal, PLaIN, AI, Nepal] is correct :true
2019-09-23 04:04:41,200 DEBUG b.s.t.s.TourCreator [main] object [cruise, 200, 4, Poland weekend, BuS, BB, Russia, false] is correct :true
2019-09-23 04:04:41,201 DEBUG b.s.t.s.TourCreator [main] object [cruise, 300, 5, Latvia weekend, shIp, HB, Latvia, true] is correct :true
2019-09-23 04:04:41,201 DEBUG b.s.t.s.TourCreator [main] ----correct objects are created------
2019-09-23 04:04:46,408 DEBUG b.s.t.s.Parser [main] ------Parsing start------
2019-09-23 04:04:46,412 DEBUG b.s.t.s.Parser [main] parsed values:[﻿Cruise, 200, 4, Poland weekend, BuS, BB, Russia, false]
2019-09-23 04:04:46,412 DEBUG b.s.t.s.Parser [main] parsed values:[Sightseeing, 250, 4, Old Paris, BUs, AI, France]
2019-09-23 04:04:46,412 DEBUG b.s.t.s.Parser [main] parsed values:[Relax, 1500, 10, Madrid, PLaIN, AI, Russia, false]
2019-09-23 04:04:46,412 DEBUG b.s.t.s.Parser [main] parsed values:[Sightseeing, 200, 4, nepal, PLaIN, AI, Nepal]
2019-09-23 04:04:46,412 DEBUG b.s.t.s.Parser [main] parsed values:[cruise, 200, 4, Poland weekend, BuS, BB, Russia, false]
2019-09-23 04:04:46,413 DEBUG b.s.t.s.Parser [main] parsed values:[cruise, 300, 5, Latvia weekend, shIp, HB, Latvia, true]
2019-09-23 04:04:46,413 DEBUG b.s.t.s.Parser [main] ------Parsing finish------
2019-09-23 04:04:46,421 DEBUG b.s.t.s.TourCreator [main] ----creating objects------
2019-09-23 04:05:42,664 WARN b.s.t.s.v.Validator [main] type of tour [﻿Cruise, 200, 4, Poland weekend, BuS, BB, Russia, false] is incorrect!
2019-09-23 04:05:42,667 DEBUG b.s.t.s.TourCreator [main] object [﻿Cruise, 200, 4, Poland weekend, BuS, BB, Russia, false] is correct :false
2019-09-23 04:05:42,668 WARN b.s.t.s.v.Validator [main] type of tour [﻿Cruise, 200, 4, Poland weekend, BuS, BB, Russia, false] is incorrect!
2019-09-23 04:05:42,670 DEBUG b.s.t.s.TourCreator [main] object [Sightseeing, 250, 4, Old Paris, BUs, AI, France] is correct :true
2019-09-23 04:05:42,671 DEBUG b.s.t.s.TourCreator [main] object [Relax, 1500, 10, Madrid, PLaIN, AI, Russia, false] is correct :true
2019-09-23 04:05:42,672 DEBUG b.s.t.s.TourCreator [main] object [Sightseeing, 200, 4, nepal, PLaIN, AI, Nepal] is correct :true
2019-09-23 04:05:42,673 DEBUG b.s.t.s.TourCreator [main] object [cruise, 200, 4, Poland weekend, BuS, BB, Russia, false] is correct :true
2019-09-23 04:05:42,674 DEBUG b.s.t.s.TourCreator [main] object [cruise, 300, 5, Latvia weekend, shIp, HB, Latvia, true] is correct :true
2019-09-23 04:05:42,674 DEBUG b.s.t.s.TourCreator [main] ----correct objects are created------
2019-09-23 04:06:38,600 DEBUG b.s.t.s.Parser [main] ------Parsing start------
2019-09-23 04:06:38,604 DEBUG b.s.t.s.Parser [main] parsed values:[﻿]
2019-09-23 04:06:38,604 DEBUG b.s.t.s.Parser [main] parsed values:[Cruise, 200, 4, Poland weekend, BuS, BB, Russia, false]
2019-09-23 04:06:38,605 DEBUG b.s.t.s.Parser [main] parsed values:[Sightseeing, 250, 4, Old Paris, BUs, AI, France]
2019-09-23 04:06:38,605 DEBUG b.s.t.s.Parser [main] parsed values:[Relax, 1500, 10, Madrid, PLaIN, AI, Russia, false]
2019-09-23 04:06:38,605 DEBUG b.s.t.s.Parser [main] parsed values:[Sightseeing, 200, 4, nepal, PLaIN, AI, Nepal]
2019-09-23 04:06:38,606 DEBUG b.s.t.s.Parser [main] parsed values:[cruise, 200, 4, Poland weekend, BuS, BB, Russia, false]
2019-09-23 04:06:38,606 DEBUG b.s.t.s.Parser [main] parsed values:[cruise, 300, 5, Latvia weekend, shIp, HB, Latvia, true]
2019-09-23 04:06:38,606 DEBUG b.s.t.s.Parser [main] ------Parsing finish------
2019-09-23 04:06:38,611 DEBUG b.s.t.s.TourCreator [main] ----creating objects------
2019-09-23 04:06:38,611 WARN b.s.t.s.v.Validator [main] data in file is invalid  (less then 6 parameters)
2019-09-23 04:06:38,612 DEBUG b.s.t.s.TourCreator [main] object [﻿] is correct :false
2019-09-23 04:06:38,612 WARN b.s.t.s.v.Validator [main] data in file is invalid  (less then 6 parameters)
2019-09-23 04:06:38,613 DEBUG b.s.t.s.TourCreator [main] object [Cruise, 200, 4, Poland weekend, BuS, BB, Russia, false] is correct :true
2019-09-23 04:06:38,614 DEBUG b.s.t.s.TourCreator [main] object [Sightseeing, 250, 4, Old Paris, BUs, AI, France] is correct :true
2019-09-23 04:06:38,615 DEBUG b.s.t.s.TourCreator [main] object [Relax, 1500, 10, Madrid, PLaIN, AI, Russia, false] is correct :true
2019-09-23 04:06:38,615 DEBUG b.s.t.s.TourCreator [main] object [Sightseeing, 200, 4, nepal, PLaIN, AI, Nepal] is correct :true
2019-09-23 04:06:38,615 DEBUG b.s.t.s.TourCreator [main] object [cruise, 200, 4, Poland weekend, BuS, BB, Russia, false] is correct :true
2019-09-23 04:06:38,615 DEBUG b.s.t.s.TourCreator [main] object [cruise, 300, 5, Latvia weekend, shIp, HB, Latvia, true] is correct :true
2019-09-23 04:06:38,616 DEBUG b.s.t.s.TourCreator [main] ----correct objects are created------
2019-09-23 04:08:28,965 DEBUG b.s.t.s.Parser [main] ------Parsing start------
2019-09-23 04:08:28,969 DEBUG b.s.t.s.Parser [main] parsed values:[﻿ cruise, 1010, 3, Poland weekend, tRain, AI, Poland, true]
2019-09-23 04:08:28,969 DEBUG b.s.t.s.Parser [main] parsed values:[Sightseeing, 250, 4, Old Paris, BUs, AI, France]
2019-09-23 04:08:28,970 DEBUG b.s.t.s.Parser [main] parsed values:[Relax, 1500, 10, Madrid, PLaIN, AI, Russia, false]
2019-09-23 04:08:28,970 DEBUG b.s.t.s.Parser [main] parsed values:[Sightseeing, 200, 4, nepal, PLaIN, AI, Nepal]
2019-09-23 04:08:28,971 DEBUG b.s.t.s.Parser [main] parsed values:[cruise, 200, 4, Poland weekend, BuS, BB, Russia, false]
2019-09-23 04:08:28,971 DEBUG b.s.t.s.Parser [main] parsed values:[cruise, 300, 5, Latvia weekend, shIp, HB, Latvia, true]
2019-09-23 04:08:28,971 DEBUG b.s.t.s.Parser [main] ------Parsing finish------
2019-09-23 04:08:28,974 DEBUG b.s.t.s.TourCreator [main] ----creating objects------
2019-09-23 04:08:28,975 WARN b.s.t.s.v.Validator [main] type of tour [﻿ cruise, 1010, 3, Poland weekend, tRain, AI, Poland, true] is incorrect!
2019-09-23 04:08:28,975 DEBUG b.s.t.s.TourCreator [main] object [﻿ cruise, 1010, 3, Poland weekend, tRain, AI, Poland, true] is correct :false
2019-09-23 04:08:28,975 WARN b.s.t.s.v.Validator [main] type of tour [﻿ cruise, 1010, 3, Poland weekend, tRain, AI, Poland, true] is incorrect!
2019-09-23 04:08:28,976 DEBUG b.s.t.s.TourCreator [main] object [Sightseeing, 250, 4, Old Paris, BUs, AI, France] is correct :true
2019-09-23 04:08:28,976 DEBUG b.s.t.s.TourCreator [main] object [Relax, 1500, 10, Madrid, PLaIN, AI, Russia, false] is correct :true
2019-09-23 04:08:28,977 DEBUG b.s.t.s.TourCreator [main] object [Sightseeing, 200, 4, nepal, PLaIN, AI, Nepal] is correct :true
2019-09-23 04:08:28,977 DEBUG b.s.t.s.TourCreator [main] object [cruise, 200, 4, Poland weekend, BuS, BB, Russia, false] is correct :true
2019-09-23 04:08:28,977 DEBUG b.s.t.s.TourCreator [main] object [cruise, 300, 5, Latvia weekend, shIp, HB, Latvia, true] is correct :true
2019-09-23 04:08:28,977 DEBUG b.s.t.s.TourCreator [main] ----correct objects are created------
